{
  "RSpec": {
    "coverage": {
      "/Users/stewartc/code/tessera/tessera-merchant-hub/app/helpers/application_helper.rb": {
        "lines": [
          1,
          null
        ]
      },
      "/Users/stewartc/code/tessera/tessera-merchant-hub/app/models/user.rb": {
        "lines": [
          1,
          1,
          null,
          null,
          null,
          null,
          null,
          null,
          1,
          null,
          1,
          null,
          1,
          4,
          null,
          null,
          1,
          13,
          null,
          null
        ]
      },
      "/Users/stewartc/code/tessera/tessera-merchant-hub/app/models/application_record.rb": {
        "lines": [
          1,
          1,
          null
        ]
      },
      "/Users/stewartc/code/tessera/tessera-merchant-hub/app/controllers/application_controller.rb": {
        "lines": [
          1,
          null,
          1,
          null,
          null,
          1,
          null
        ]
      },
      "/Users/stewartc/code/tessera/tessera-merchant-hub/app/jobs/application_job.rb": {
        "lines": [
          0,
          null,
          null,
          null,
          null,
          null,
          0
        ],
        "branches": {}
      },
      "/Users/stewartc/code/tessera/tessera-merchant-hub/app/mailers/application_mailer.rb": {
        "lines": [
          0,
          0,
          0,
          0
        ],
        "branches": {}
      },
      "/Users/stewartc/code/tessera/tessera-merchant-hub/app/policies/application_policy.rb": {
        "lines": [
          null,
          null,
          0,
          0,
          null,
          0,
          0,
          0,
          0,
          null,
          0,
          0,
          0,
          null,
          0,
          0,
          0,
          null,
          0,
          0,
          0,
          null,
          0,
          0,
          0,
          null,
          0,
          0,
          0,
          null,
          0,
          0,
          0,
          null,
          0,
          0,
          0,
          null,
          0,
          0,
          0,
          0,
          0,
          null,
          0,
          0,
          0,
          null,
          0,
          null,
          0,
          0,
          0
        ],
        "branches": {}
      }
    },
    "timestamp": 1780238665
  }
}
